#0 building with "default" instance using docker driver

#1 [internal] load build definition from Dockerfile.crates
#1 transferring dockerfile: 1.07kB done
#1 DONE 0.0s

#2 [internal] load metadata for docker.io/library/ubuntu:22.04
#2 ...

#3 [auth] library/ubuntu:pull token for registry-1.docker.io
#3 DONE 0.0s

#2 [internal] load metadata for docker.io/library/ubuntu:22.04
#2 DONE 1.8s

#4 [internal] load .dockerignore
#4 transferring context: 2B done
#4 DONE 0.0s

#5 [1/6] FROM docker.io/library/ubuntu:22.04@sha256:340d9b015b194dc6e2a13938944e0d016e57b9679963fdeb9ce021daac430221
#5 DONE 0.0s

#6 [2/6] RUN apt-get update     && apt-get install -y build-essential     && apt-get install -y wget
#6 CACHED

#7 [3/6] RUN wget https://sh.rustup.rs -O install_rust.sh
#7 CACHED

#8 [4/6] RUN sh install_rust.sh -y
#8 CACHED

#9 [5/6] RUN apt-get install -y python3 cmake
#9 CACHED

#10 [6/6] RUN cargo install lorikeet-genome --version=0.8.2
#10 0.290     Updating crates.io index
#10 1.370  Downloading crates ...
#10 2.254   Downloaded lorikeet-genome v0.8.2
#10 2.349   Installing lorikeet-genome v0.8.2
#10 2.394     Updating crates.io index
#10 5.376      Locking 260 packages to latest compatible versions
#10 5.376       Adding ahash v0.7.8 (latest: v0.8.11)
#10 5.376       Adding autocfg v0.1.8 (latest: v1.3.0)
#10 5.377       Adding bio v1.6.0 (latest: v2.0.1)
#10 5.377       Adding bird_tool_utils v0.4.1 (latest: v0.5.0)
#10 5.377       Adding bit-set v0.5.3 (latest: v0.8.0)
#10 5.377       Adding bit-vec v0.5.1 (latest: v0.8.0)
#10 5.377       Adding bit-vec v0.6.3 (latest: v0.8.0)
#10 5.377       Adding bitflags v1.3.2 (latest: v2.6.0)
#10 5.377       Adding bstr v0.2.17 (latest: v1.10.0)
#10 5.379       Adding cloudabi v0.0.3 (latest: v0.1.0)
#10 5.380       Adding derive-new v0.5.9 (latest: v0.6.0)
#10 5.380       Adding encode_unicode v0.3.6 (latest: v1.0.0)
#10 5.380       Adding enum-ordinalize v3.1.15 (latest: v4.3.0)
#10 5.380       Adding env_logger v0.6.2 (latest: v0.11.5)
#10 5.380       Adding env_logger v0.10.2 (latest: v0.11.5)
#10 5.380       Adding fixedbitset v0.4.2 (latest: v0.5.7)
#10 5.380       Adding generic-array v0.14.7 (latest: v1.1.0)
#10 5.381       Adding hashbrown v0.11.2 (latest: v0.14.5)
#10 5.381       Adding hashbrown v0.12.3 (latest: v0.14.5)
#10 5.381       Adding hashlink v0.7.0 (latest: v0.9.1)
#10 5.381       Adding heck v0.3.3 (latest: v0.5.0)
#10 5.381       Adding heck v0.4.1 (latest: v0.5.0)
#10 5.381       Adding hermit-abi v0.1.19 (latest: v0.4.0)
#10 5.381       Adding hermit-abi v0.3.9 (latest: v0.4.0)
#10 5.381       Adding humantime v1.3.0 (latest: v2.1.0)
#10 5.381       Adding idna v0.5.0 (latest: v1.0.2)
#10 5.381       Adding indexmap v1.9.3 (latest: v2.3.0)
#10 5.381       Adding indoc v1.0.9 (latest: v2.0.5)
#10 5.382       Adding itertools v0.8.2 (latest: v0.13.0)
#10 5.382       Adding itertools v0.11.0 (latest: v0.13.0)
#10 5.382       Adding linux-raw-sys v0.4.14 (latest: v0.6.4)
#10 5.385       Adding mathru v0.14.0 (latest: v0.15.3)
#10 5.385       Adding memoffset v0.6.5 (latest: v0.9.1)
#10 5.385       Adding memoffset v0.7.1 (latest: v0.9.1)
#10 5.385       Adding multimap v0.9.1 (latest: v0.10.0)
#10 5.385       Adding nalgebra v0.29.0 (latest: v0.33.0)
#10 5.385       Adding nalgebra-macros v0.1.0 (latest: v0.2.2)
#10 5.385       Adding ndarray v0.15.6 (latest: v0.16.0)
#10 5.386       Adding nix v0.26.4 (latest: v0.29.0)
#10 5.386       Adding ordered-float v1.1.1 (latest: v4.2.2)
#10 5.386       Adding ordered-float v3.9.2 (latest: v4.2.2)
#10 5.389       Adding pyo3 v0.17.3 (latest: v0.22.2)
#10 5.389       Adding pyo3-build-config v0.17.3 (latest: v0.22.2)
#10 5.389       Adding pyo3-ffi v0.17.3 (latest: v0.22.2)
#10 5.389       Adding pyo3-macros v0.17.3 (latest: v0.22.2)
#10 5.389       Adding pyo3-macros-backend v0.17.3 (latest: v0.22.2)
#10 5.389       Adding quick-error v1.2.3 (latest: v2.0.1)
#10 5.390       Adding rand v0.4.6 (latest: v0.8.5)
#10 5.390       Adding rand v0.6.5 (latest: v0.8.5)
#10 5.390       Adding rand_chacha v0.1.1 (latest: v0.3.1)
#10 5.390       Adding rand_core v0.3.1 (latest: v0.6.4)
#10 5.390       Adding rand_core v0.4.2 (latest: v0.6.4)
#10 5.390       Adding rand_hc v0.1.0 (latest: v0.3.2)
#10 5.390       Adding rand_isaac v0.1.1 (latest: v0.3.0)
#10 5.390       Adding rand_jitter v0.1.4 (latest: v0.4.0)
#10 5.390       Adding rand_os v0.1.3 (latest: v0.2.2)
#10 5.390       Adding rand_pcg v0.1.2 (latest: v0.3.1)
#10 5.390       Adding rand_xorshift v0.1.1 (latest: v0.3.0)
#10 5.390       Adding rdrand v0.4.0 (latest: v0.8.3)
#10 5.391       Adding regex-automata v0.1.10 (latest: v0.4.7)
#10 5.391       Adding remove_dir_all v0.5.3 (latest: v0.8.3)
#10 5.391       Adding roff v0.1.0 (latest: v0.2.2)
#10 5.391       Adding rust-htslib v0.44.1 (latest: v0.47.0)
#10 5.391       Adding rustc_version v0.1.7 (latest: v0.4.0)
#10 5.395       Adding semver v0.1.20 (latest: v1.0.23)
#10 5.395       Adding simba v0.6.0 (latest: v0.9.0)
#10 5.396       Adding statrs v0.16.1 (latest: v0.17.1)
#10 5.396       Adding strum v0.17.1 (latest: v0.26.3)
#10 5.396       Adding strum v0.25.0 (latest: v0.26.3)
#10 5.396       Adding strum_macros v0.17.1 (latest: v0.26.4)
#10 5.396       Adding strum_macros v0.25.3 (latest: v0.26.4)
#10 5.396       Adding syn v1.0.109 (latest: v2.0.72)
#10 5.397       Adding term v0.7.0 (latest: v1.0.0)
#10 5.397       Adding unindent v0.1.11 (latest: v0.2.3)
#10 5.398       Adding version-compare v0.1.1 (latest: v0.2.0)
#10 5.398       Adding wasi v0.11.0+wasi-snapshot-preview1 (latest: v0.13.1+wasi-0.2.0)
#10 5.398       Adding windows-sys v0.52.0 (latest: v0.59.0)
#10 5.398       Adding zip v0.5.13 (latest: v2.1.6)
#10 5.399  Downloading crates ...
#10 5.478   Downloaded adler v1.0.2
#10 5.510   Downloaded anstyle-query v1.1.1
#10 5.514   Downloaded anstream v0.6.15
#10 5.522   Downloaded ansi_term v0.12.1
#10 5.526   Downloaded anstyle-parse v0.2.5
#10 5.530   Downloaded derive-new v0.6.0
#10 5.532   Downloaded autocfg v0.1.8
#10 5.543   Downloaded anstyle v1.0.8
#10 5.546   Downloaded bitflags v1.3.2
#10 5.551   Downloaded atty v0.2.14
#10 5.553   Downloaded fs-utils v1.1.4
#10 5.554   Downloaded enum-ordinalize v3.1.15
#10 5.555   Downloaded bird_tool_utils v0.4.1
#10 5.559   Downloaded fxhash v0.2.1
#10 5.560   Downloaded libm v0.2.8
#10 5.571   Downloaded is-terminal v0.4.12
#10 5.573   Downloaded tinyvec_macros v0.1.1
#10 5.574   Downloaded lazy_static v1.5.0
#10 5.577   Downloaded nalgebra-macros v0.1.0
#10 5.578   Downloaded indoc v1.0.9
#10 5.582   Downloaded strum v0.25.0
#10 5.583   Downloaded strum v0.17.1
#10 5.584   Downloaded getrandom v0.2.15
#10 5.588   Downloaded clap_complete v4.5.12
#10 5.592   Downloaded newtype_derive v0.1.6
#10 5.594   Downloaded termcolor v1.4.1
#10 5.596   Downloaded rawpointer v0.2.1
#10 5.597   Downloaded rustversion v1.0.17
#10 5.600   Downloaded strsim v0.11.1
#10 5.602   Downloaded smallvec v1.13.2
#10 5.605   Downloaded itertools v0.11.0
#10 5.615   Downloaded hashbrown v0.14.5
#10 5.622   Downloaded safe_arch v0.7.2
#10 5.629   Downloaded rustix v0.38.34
#10 5.659   Downloaded roff v0.1.0
#10 5.661   Downloaded term v0.7.0
#10 5.665   Downloaded num-integer v0.1.46
#10 5.667   Downloaded multimap v0.9.1
#10 5.668   Downloaded vec_map v0.8.2
#10 5.669   Downloaded tempfile v3.11.0
#10 5.674   Downloaded syn v1.0.109
#10 5.686   Downloaded syn v2.0.72
#10 5.699   Downloaded tinyvec v1.8.0
#10 5.702   Downloaded rand_xorshift v0.1.1
#10 5.703   Downloaded zerocopy-derive v0.7.35
#10 5.709   Downloaded unicode-bidi v0.3.15
#10 5.712   Downloaded quote v1.0.36
#10 5.715   Downloaded num-traits v0.2.19
#10 5.718   Downloaded once_cell v1.19.0
#10 5.722   Downloaded pyo3-build-config v0.17.3
#10 5.725   Downloaded pest_meta v2.7.11
#10 5.727   Downloaded proc-macro2 v1.0.86
#10 5.731   Downloaded parking_lot v0.12.3
#10 5.733   Downloaded serde_derive v1.0.204
#10 5.737   Downloaded rayon-core v1.12.1
#10 5.741   Downloaded pyo3-macros-backend v0.17.3
#10 5.744   Downloaded needletail v0.5.1
#10 5.749   Downloaded rand_distr v0.4.3
#10 5.753   Downloaded matrixmultiply v0.3.9
#10 5.757   Downloaded rand v0.4.6
#10 5.762   Downloaded pyo3-ffi v0.17.3
#10 5.768   Downloaded num-bigint v0.4.6
#10 5.774   Downloaded memchr v2.7.4
#10 5.781   Downloaded rand v0.6.5
#10 5.786   Downloaded regex-automata v0.1.10
#10 5.800   Downloaded zerocopy v0.7.35
#10 5.825   Downloaded hts-sys v2.1.4
#10 5.936   Downloaded rayon v1.10.0
#10 5.947   Downloaded regex v1.10.6
#10 5.963   Downloaded nix v0.26.4
#10 5.976   Downloaded nalgebra v0.29.0
#10 6.001   Downloaded ndarray v0.15.6
#10 6.016   Downloaded pyo3 v0.17.3
#10 6.042   Downloaded unicode-width v0.1.13
#10 6.051   Downloaded regex-automata v0.4.7
#10 6.071   Downloaded petgraph v0.6.5
#10 6.089   Downloaded lzma-sys v0.1.20
#10 6.131   Downloaded libz-sys v1.1.18
#10 6.156   Downloaded mathru v0.14.0
#10 6.185   Downloaded vcpkg v0.2.15
#10 6.244   Downloaded portable-atomic v1.7.0
#10 6.251   Downloaded rand v0.8.5
#10 6.255   Downloaded linux-raw-sys v0.4.14
#10 6.309   Downloaded pest v2.7.11
#10 6.314   Downloaded unicode-normalization v0.1.23
#10 6.318   Downloaded wide v0.7.26
#10 6.323   Downloaded url v2.5.2
#10 6.326   Downloaded unicode-segmentation v1.11.0
#10 6.330   Downloaded miniz_oxide v0.7.4
#10 6.332   Downloaded unicode-ident v1.0.12
#10 6.336   Downloaded log v0.4.22
#10 6.338   Downloaded lock_api v0.4.12
#10 6.339   Downloaded zip v0.5.13
#10 6.343   Downloaded ucd-trie v0.1.6
#10 6.345   Downloaded typenum v1.17.0
#10 6.347   Downloaded rand_os v0.1.3
#10 6.349   Downloaded rand_core v0.4.2
#10 6.351   Downloaded rand_chacha v0.3.1
#10 6.352   Downloaded pkg-config v0.3.30
#10 6.354   Downloaded pest_generator v2.7.11
#10 6.355   Downloaded pest_derive v2.7.11
#10 6.357   Downloaded partitions v0.2.4
#10 6.359   Downloaded parking_lot_core v0.9.10
#10 6.361   Downloaded ordered-float v1.1.1
#10 6.362   Downloaded num-rational v0.4.2
#10 6.363   Downloaded num-complex v0.4.6
#10 6.365   Downloaded ndarray-npy v0.8.1
#10 6.368   Downloaded libc v0.2.155
#10 6.403   Downloaded csv v1.3.0
#10 6.425   Downloaded strum_macros v0.26.4
#10 6.428   Downloaded serde v1.0.204
#10 6.431   Downloaded rust-htslib v0.44.1
#10 6.436   Downloaded bzip2-sys v0.1.11+1.0.8
#10 6.450   Downloaded tempdir v0.3.7
#10 6.451   Downloaded strum_macros v0.25.3
#10 6.454   Downloaded strum_macros v0.17.1
#10 6.456   Downloaded simba v0.6.0
#10 6.459   Downloaded semver v0.1.20
#10 6.460   Downloaded scopeguard v1.2.0
#10 6.461   Downloaded ryu v1.0.18
#10 6.465   Downloaded roff v0.2.2
#10 6.466   Downloaded remove_dir_all v0.5.3
#10 6.467   Downloaded rand_pcg v0.1.2
#10 6.468   Downloaded rand_jitter v0.1.4
#10 6.470   Downloaded rand_isaac v0.1.1
#10 6.471   Downloaded rand_hc v0.1.0
#10 6.472   Downloaded rand_core v0.6.4
#10 6.473   Downloaded rand_core v0.3.1
#10 6.475   Downloaded rand_chacha v0.1.1
#10 6.476   Downloaded quick-error v1.2.3
#10 6.477   Downloaded py_literal v0.4.0
#10 6.478   Downloaded ppv-lite86 v0.2.20
#10 6.480   Downloaded pin-utils v0.1.0
#10 6.481   Downloaded percent-encoding v2.3.1
#10 6.482   Downloaded paste v1.0.15
#10 6.485   Downloaded ordered-float v3.9.2
#10 6.486   Downloaded number_prefix v0.4.0
#10 6.487   Downloaded num-iter v0.1.45
#10 6.488   Downloaded num v0.4.3
#10 6.489   Downloaded memoffset v0.7.1
#10 6.491   Downloaded linear-map v1.2.0
#10 6.492   Downloaded xz2 v0.1.7
#10 6.494   Downloaded version_check v0.9.5
#10 6.495   Downloaded version-compare v0.1.1
#10 6.497   Downloaded unindent v0.1.11
#10 6.497   Downloaded triple_accel v0.4.0
#10 6.500   Downloaded memoffset v0.6.5
#10 6.501   Downloaded bstr v0.2.17
#10 6.511   Downloaded idna v0.5.0
#10 6.518   Downloaded statrs v0.16.1
#10 6.525   Downloaded regex-syntax v0.8.4
#10 6.534   Downloaded thiserror-impl v1.0.63
#10 6.535   Downloaded thiserror v1.0.63
#10 6.541   Downloaded clap_builder v4.5.13
#10 6.548   Downloaded bio v1.6.0
#10 6.558   Downloaded aho-corasick v1.1.3
#10 6.565   Downloaded hashbrown v0.12.3
#10 6.569   Downloaded flate2 v1.0.31
#10 6.575   Downloaded utf8parse v0.2.2
#10 6.577   Downloaded itertools v0.8.2
#10 6.583   Downloaded indexmap v2.3.0
#10 6.587   Downloaded hashbrown v0.11.2
#10 6.591   Downloaded indicatif v0.17.8
#10 6.595   Downloaded cc v1.1.7
#10 6.599   Downloaded sha2 v0.10.8
#10 6.601   Downloaded pyo3-macros v0.17.3
#10 6.602   Downloaded crossbeam-utils v0.8.20
#10 6.605   Downloaded jobserver v0.1.32
#10 6.607   Downloaded indexmap v1.9.3
#10 6.611   Downloaded bv v0.11.1
#10 6.614   Downloaded bitflags v2.6.0
#10 6.619   Downloaded anyhow v1.0.86
#10 6.623   Downloaded clap v4.5.13
#10 6.634   Downloaded bytemuck v1.16.3
#10 6.637   Downloaded buffer-redux v1.0.1
#10 6.639   Downloaded crossbeam-epoch v0.9.18
#10 6.642   Downloaded scoped_threadpool v0.1.9
#10 6.643   Downloaded rustc_version v0.1.7
#10 6.643   Downloaded target-lexicon v0.12.16
#10 6.646   Downloaded hashlink v0.7.0
#10 6.648   Downloaded gkl v0.1.1
#10 6.651   Downloaded errno v0.3.9
#10 6.652   Downloaded env_logger v0.10.2
#10 6.656   Downloaded env_logger v0.6.2
#10 6.659   Downloaded csv-core v0.1.11
#10 6.660   Downloaded crossbeam-deque v0.8.5
#10 6.662   Downloaded crc32fast v1.4.2
#10 6.664   Downloaded console v0.15.8
#10 6.667   Downloaded bzip2 v0.4.4
#10 6.669   Downloaded itertools-num v0.1.3
#10 6.670   Downloaded ieee754 v0.2.6
#10 6.672   Downloaded humantime v2.1.0
#10 6.673   Downloaded heck v0.4.1
#10 6.675   Downloaded glob v0.3.1
#10 6.676   Downloaded form_urlencoded v1.2.1
#10 6.677   Downloaded fastrand v2.1.0
#10 6.678   Downloaded enum-map-derive v0.17.0
#10 6.680   Downloaded dirs-sys-next v0.1.2
#10 6.681   Downloaded bytecount v0.6.8
#10 6.683   Downloaded heck v0.3.3
#10 6.684   Downloaded generic-array v0.14.7
#10 6.685   Downloaded fixedbitset v0.4.2
#10 6.687   Downloaded either v1.13.0
#10 6.688   Downloaded editdistancek v1.0.2
#10 6.689   Downloaded itoa v1.0.11
#10 6.690   Downloaded feature-probe v0.1.1
#10 6.691   Downloaded custom_derive v0.1.7
#10 6.693   Downloaded colorchoice v1.0.2
#10 6.694   Downloaded bit-set v0.5.3
#10 6.695   Downloaded is_terminal_polyfill v1.70.1
#10 6.696   Downloaded humantime v1.3.0
#10 6.697   Downloaded heck v0.5.0
#10 6.699   Downloaded equivalent v1.0.1
#10 6.699   Downloaded enum-map v2.7.3
#10 6.701   Downloaded dirs-next v2.0.0
#10 6.702   Downloaded digest v0.10.7
#10 6.704   Downloaded derive-new v0.5.9
#10 6.705   Downloaded crypto-common v0.1.6
#10 6.706   Downloaded cpufeatures v0.2.12
#10 6.707   Downloaded compare v0.1.0
#10 6.708   Downloaded cmake v0.1.50
#10 6.709   Downloaded clap_lex v0.7.2
#10 6.710   Downloaded cfg-if v1.0.0
#10 6.712   Downloaded byteorder v1.5.0
#10 6.713   Downloaded block-buffer v0.10.4
#10 6.714   Downloaded bit-vec v0.6.3
#10 6.716   Downloaded bit-vec v0.5.1
#10 6.717   Downloaded bird_tool_utils-man v0.4.0
#10 6.719   Downloaded bio-types v1.0.3
#10 6.721   Downloaded autocfg v1.3.0
#10 6.723   Downloaded approx v0.5.1
#10 6.725   Downloaded ahash v0.7.8
#10 6.792    Compiling autocfg v1.3.0
#10 6.792    Compiling proc-macro2 v1.0.86
#10 6.792    Compiling unicode-ident v1.0.12
#10 6.792    Compiling libc v0.2.155
#10 6.792    Compiling cfg-if v1.0.0
#10 6.795    Compiling libm v0.2.8
#10 6.797    Compiling memchr v2.7.4
#10 6.800    Compiling pkg-config v0.3.30
#10 6.804    Compiling thiserror v1.0.63
#10 6.806    Compiling byteorder v1.5.0
#10 6.806    Compiling once_cell v1.19.0
#10 6.882    Compiling syn v1.0.109
#10 6.919    Compiling target-lexicon v0.12.16
#10 6.986    Compiling crossbeam-utils v0.8.20
#10 7.057    Compiling autocfg v0.1.8
#10 7.094    Compiling rand_core v0.4.2
#10 7.168    Compiling regex-syntax v0.8.4
#10 7.198    Compiling num-traits v0.2.19
#10 7.242    Compiling matrixmultiply v0.3.9
#10 7.304    Compiling either v1.13.0
#10 7.451    Compiling aho-corasick v1.1.3
#10 7.491    Compiling lazy_static v1.5.0
#10 7.498    Compiling serde v1.0.204
#10 7.532    Compiling rawpointer v0.2.1
#10 7.540    Compiling rustversion v1.0.17
#10 7.579    Compiling rayon-core v1.12.1
#10 7.740    Compiling quote v1.0.36
#10 7.751    Compiling pyo3-build-config v0.17.3
#10 7.876    Compiling jobserver v0.1.32
#10 7.918    Compiling syn v2.0.72
#10 8.021    Compiling crossbeam-epoch v0.9.18
#10 8.068    Compiling cc v1.1.7
#10 8.251    Compiling paste v1.0.15
#10 8.473    Compiling crossbeam-deque v0.8.5
#10 8.490    Compiling utf8parse v0.2.2
#10 8.508    Compiling ucd-trie v0.1.6
#10 8.548    Compiling semver v0.1.20
#10 8.619    Compiling num-integer v0.1.46
#10 8.662    Compiling getrandom v0.2.15
#10 8.716    Compiling num-complex v0.4.6
#10 8.812    Compiling rand_core v0.6.4
#10 8.861    Compiling bytemuck v1.16.3
#10 9.064    Compiling num-bigint v0.4.6
#10 9.072    Compiling cmake v0.1.50
#10 9.212    Compiling vcpkg v0.2.15
#10 9.342    Compiling safe_arch v0.7.2
#10 9.546    Compiling regex-automata v0.4.7
#10 9.846    Compiling rustc_version v0.1.7
#10 9.920    Compiling anstyle-parse v0.2.5
#10 10.06    Compiling rand_core v0.3.1
#10 10.09    Compiling libz-sys v1.1.18
#10 10.30    Compiling anstyle v1.0.8
#10 10.31    Compiling is_terminal_polyfill v1.70.1
#10 10.36    Compiling typenum v1.17.0
#10 10.53    Compiling tinyvec_macros v0.1.1
#10 10.57    Compiling version_check v0.9.5
#10 10.72    Compiling adler v1.0.2
#10 10.76    Compiling colorchoice v1.0.2
#10 10.82    Compiling quick-error v1.2.3
#10 10.86    Compiling anstyle-query v1.1.1
#10 10.87    Compiling ahash v0.7.8
#10 10.88    Compiling fs-utils v1.1.4
#10 10.91    Compiling anstream v0.6.15
#10 10.96    Compiling miniz_oxide v0.7.4
#10 11.03    Compiling num-rational v0.4.2
#10 11.09    Compiling tinyvec v1.8.0
#10 11.19    Compiling rayon v1.10.0
#10 11.60    Compiling lzma-sys v0.1.20
#10 11.87    Compiling thiserror-impl v1.0.63
#10 11.88    Compiling zerocopy-derive v0.7.35
#10 12.00    Compiling serde_derive v1.0.204
#10 12.13    Compiling bzip2-sys v0.1.11+1.0.8
#10 12.16    Compiling newtype_derive v0.1.6
#10 12.21    Compiling pyo3-ffi v0.17.3
#10 12.40    Compiling regex v1.10.6
#10 12.49    Compiling wide v0.7.26
#10 12.54    Compiling approx v0.5.1
#10 12.59    Compiling lock_api v0.4.12
#10 12.65    Compiling crc32fast v1.4.2
#10 12.81    Compiling heck v0.5.0
#10 12.93    Compiling rustix v0.38.34
#10 13.01    Compiling strsim v0.11.1
#10 13.02    Compiling clap_lex v0.7.2
#10 13.16    Compiling zerocopy v0.7.35
#10 13.28    Compiling glob v0.3.1
#10 13.29    Compiling parking_lot_core v0.9.10
#10 13.44    Compiling feature-probe v0.1.1
#10 13.56    Compiling bv v0.11.1
#10 13.60    Compiling clap_builder v4.5.13
#10 13.70    Compiling hts-sys v2.1.4
#10 13.70    Compiling strum_macros v0.26.4
#10 13.81    Compiling flate2 v1.0.31
#10 13.84    Compiling pest v2.7.11
#10 13.95    Compiling ppv-lite86 v0.2.20
#10 14.15    Compiling nalgebra-macros v0.1.0
#10 14.37    Compiling rand_chacha v0.3.1
#10 14.39    Compiling unicode-normalization v0.1.23
#10 14.62    Compiling rand v0.8.5
#10 14.99    Compiling simba v0.6.0
#10 15.10    Compiling derive-new v0.6.0
#10 15.44    Compiling pest_meta v2.7.11
#10 15.60    Compiling rand_distr v0.4.3
#10 15.90    Compiling memoffset v0.7.1
#10 16.03    Compiling rand_pcg v0.1.2
#10 16.10    Compiling memoffset v0.6.5
#10 16.22    Compiling pest_generator v2.7.11
#10 16.28    Compiling rand_chacha v0.1.1
#10 16.46    Compiling anyhow v1.0.86
#10 16.50    Compiling log v0.4.22
#10 16.71    Compiling scopeguard v1.2.0
#10 16.72    Compiling termcolor v1.4.1
#10 16.76    Compiling portable-atomic v1.7.0
#10 16.92    Compiling linux-raw-sys v0.4.14
#10 17.12    Compiling hashbrown v0.14.5
#10 17.16    Compiling bitflags v2.6.0
#10 17.23    Compiling smallvec v1.13.2
#10 17.36    Compiling equivalent v1.0.1
#10 17.37    Compiling unicode-bidi v0.3.15
#10 17.39    Compiling percent-encoding v2.3.1
#10 17.55    Compiling form_urlencoded v1.2.1
#10 17.59    Compiling pest_derive v2.7.11
#10 17.88    Compiling indexmap v2.3.0
#10 17.94    Compiling idna v0.5.0
#10 18.30    Compiling bio-types v1.0.3
#10 18.52    Compiling clap v4.5.13
#10 18.82    Compiling ndarray v0.15.6
#10 18.93    Compiling enum-map-derive v0.17.0
#10 18.99    Compiling pyo3-macros-backend v0.17.3
#10 19.06    Compiling gkl v0.1.1
#10 19.43    Compiling pyo3 v0.17.3
#10 19.65    Compiling is-terminal v0.4.12
#10 19.69    Compiling dirs-sys-next v0.1.2
#10 19.69    Compiling csv-core v0.1.11
#10 19.96    Compiling indexmap v1.9.3
#10 20.02    Compiling rand v0.6.5
#10 20.03    Compiling unicode-width v0.1.13
#10 20.12    Compiling itoa v1.0.11
#10 20.13    Compiling fixedbitset v0.4.2
#10 20.14    Compiling bytecount v0.6.8
#10 20.16    Compiling fastrand v2.1.0
#10 20.21    Compiling custom_derive v0.1.7
#10 20.23    Compiling heck v0.4.1
#10 20.24    Compiling bit-vec v0.6.3
#10 20.35    Compiling unicode-segmentation v1.11.0
#10 20.39    Compiling nalgebra v0.29.0
#10 20.40    Compiling humantime v2.1.0
#10 20.43    Compiling ryu v1.0.18
#10 20.46    Compiling roff v0.1.0
#10 20.61    Compiling env_logger v0.10.2
#10 20.67    Compiling heck v0.3.3
#10 20.68    Compiling csv v1.3.0
#10 20.71    Compiling bird_tool_utils-man v0.4.0
#10 20.74    Compiling bit-set v0.5.3
#10 20.83    Compiling bzip2 v0.4.4
#10 20.84    Compiling strum_macros v0.25.3
#10 20.90    Compiling tempfile v3.11.0
#10 21.06    Compiling petgraph v0.6.5
#10 21.25    Compiling humantime v1.3.0
#10 21.26    Compiling console v0.15.8
#10 21.55    Compiling multimap v0.9.1
#10 21.60    Compiling vec_map v0.8.2
#10 21.69    Compiling dirs-next v2.0.0
#10 21.70    Compiling py_literal v0.4.0
#10 21.78    Compiling enum-map v2.7.3
#10 22.25    Compiling hashbrown v0.11.2
#10 22.50    Compiling pyo3-macros v0.17.3
#10 22.66    Compiling url v2.5.2
#10 23.02    Compiling parking_lot v0.12.3
#10 23.42    Compiling zip v0.5.13
#10 23.60    Compiling derive-new v0.5.9
#10 23.64    Compiling rand_isaac v0.1.1
#10 23.76    Compiling rand_hc v0.1.0
#10 23.89    Compiling rand_xorshift v0.1.1
#10 23.93    Compiling num-iter v0.1.45
#10 23.97    Compiling atty v0.2.14
#10 23.99    Compiling rand v0.4.6
#10 24.00    Compiling rand_os v0.1.3
#10 24.02    Compiling ordered-float v3.9.2
#10 24.19    Compiling itertools-num v0.1.3
#10 24.24    Compiling itertools v0.11.0
#10 24.25    Compiling buffer-redux v1.0.1
#10 24.28    Compiling rand_jitter v0.1.4
#10 24.35    Compiling fxhash v0.2.1
#10 24.38    Compiling linear-map v1.2.0
#10 24.42    Compiling regex-automata v0.1.10
#10 24.43    Compiling strum v0.25.0
#10 24.48    Compiling ieee754 v0.2.6
#10 24.52    Compiling unindent v0.1.11
#10 24.54    Compiling number_prefix v0.4.0
#10 24.56    Compiling hashbrown v0.12.3
#10 24.64    Compiling version-compare v0.1.1
#10 24.67    Compiling bit-vec v0.5.1
#10 24.73    Compiling indoc v1.0.9
#10 24.74    Compiling remove_dir_all v0.5.3
#10 24.78    Compiling editdistancek v1.0.2
#10 24.87    Compiling pin-utils v0.1.0
#10 24.90    Compiling triple_accel v0.4.0
#10 24.91    Compiling bitflags v1.3.2
#10 24.92    Compiling partitions v0.2.4
#10 24.95    Compiling nix v0.26.4
#10 24.96    Compiling tempdir v0.3.7
#10 25.01    Compiling bird_tool_utils v0.4.1
#10 25.13    Compiling bstr v0.2.17
#10 25.19    Compiling indicatif v0.17.8
#10 25.93    Compiling env_logger v0.6.2
#10 26.11    Compiling num v0.4.3
#10 26.13    Compiling ndarray-npy v0.8.1
#10 26.15    Compiling enum-ordinalize v3.1.15
#10 26.84    Compiling hashlink v0.7.0
#10 26.97    Compiling term v0.7.0
#10 27.00    Compiling strum_macros v0.17.1
#10 27.02    Compiling clap_complete v4.5.12
#10 27.09    Compiling mathru v0.14.0
#10 27.19    Compiling ordered-float v1.1.1
#10 27.38    Compiling itertools v0.8.2
#10 28.01    Compiling compare v0.1.0
#10 28.14    Compiling scoped_threadpool v0.1.9
#10 28.26    Compiling strum v0.17.1
#10 28.32    Compiling ansi_term v0.12.1
#10 28.34    Compiling roff v0.2.2
#10 29.23    Compiling xz2 v0.1.7
#10 29.40    Compiling needletail v0.5.1
#10 32.46    Compiling statrs v0.16.1
#10 33.10    Compiling bio v1.6.0
#10 34.62    Compiling rust-htslib v0.44.1
#10 36.12    Compiling lorikeet-genome v0.8.2
#10 99.00 error: linking with `cc` failed: exit status: 1
#10 99.00   |
#10 99.00   = note: LC_ALL="C" PATH="/root/.rustup/toolchains/stable-x86_64-unknown-linux-gnu/lib/rustlib/x86_64-unknown-linux-gnu/bin:/root/.rustup/toolchains/stable-x86_64-unknown-linux-gnu/lib/rustlib/x86_64-unknown-linux-gnu/bin:/root/.rustup/toolchains/stable-x86_64-unknown-linux-gnu/lib/rustlib/x86_64-unknown-linux-gnu/bin:/root/.cargo/bin:/usr/local/sbin:/usr/local/bin:/usr/sbin:/usr/bin:/sbin:/bin" VSLANG="1033" "cc" "-m64" "/tmp/rustcXjDDKU/symbols.o" "/tmp/cargo-installGe0RxP/release/deps/lorikeet-f035361da399b855.lorikeet.83697a94d35de0d1-cgu.01.rcgu.o" "-Wl,--as-needed" "-L" "/tmp/cargo-installGe0RxP/release/deps" "-L" "/tmp/cargo-installGe0RxP/release/build/gkl-d3ebb634a6ce7f8a/out" "-L" "/tmp/cargo-installGe0RxP/release/build/gkl-d3ebb634a6ce7f8a/out" "-L" "/tmp/cargo-installGe0RxP/release/build/gkl-d3ebb634a6ce7f8a/out" "-L" "/tmp/cargo-installGe0RxP/release/build/gkl-d3ebb634a6ce7f8a/out" "-L" "/tmp/cargo-installGe0RxP/release/build/gkl-d3ebb634a6ce7f8a/out" "-L" "/tmp/cargo-installGe0RxP/release/build/bzip2-sys-844ba8284fa59635/out/lib" "-L" "/tmp/cargo-installGe0RxP/release/build/lzma-sys-d8cf32d74cde2f07/out" "-L" "/usr/lib/x86_64-linux-gnu" "-L" "/tmp/cargo-installGe0RxP/release/build/hts-sys-53644d1c37718ab6/out" "-L" "/tmp/cargo-installGe0RxP/release/build/libz-sys-1f4d6cea57070e62/out/lib" "-L" "/tmp/cargo-installGe0RxP/release/build/libz-sys-1f4d6cea57070e62/out/lib64" "-L" "/root/.rustup/toolchains/stable-x86_64-unknown-linux-gnu/lib/rustlib/x86_64-unknown-linux-gnu/lib" "-Wl,-Bstatic" "/tmp/rustcXjDDKU/liblzma_sys-ddf39b56372b9e66.rlib" "/tmp/rustcXjDDKU/libbzip2_sys-2d1852acf01bd90c.rlib" "/tmp/rustcXjDDKU/libgkl-41bfc3f4a726a6d1.rlib" "/tmp/rustcXjDDKU/libhts_sys-4dcde1389943d966.rlib" "/tmp/rustcXjDDKU/liblibz_sys-cc49ab3e0c61de25.rlib" "/root/.rustup/toolchains/stable-x86_64-unknown-linux-gnu/lib/rustlib/x86_64-unknown-linux-gnu/lib/libcompiler_builtins-d4ebcca572002f93.rlib" "-Wl,-Bdynamic" "-lpython3.10" "-lstdc++" "-lgcc_s" "-lutil" "-lrt" "-lpthread" "-lm" "-ldl" "-lc" "-Wl,--eh-frame-hdr" "-Wl,-z,noexecstack" "-L" "/root/.rustup/toolchains/stable-x86_64-unknown-linux-gnu/lib/rustlib/x86_64-unknown-linux-gnu/lib" "-o" "/tmp/cargo-installGe0RxP/release/deps/lorikeet-f035361da399b855" "-Wl,--gc-sections" "-pie" "-Wl,-z,relro,-z,now" "-Wl,-O1" "-Wl,--strip-all" "-nodefaultlibs"
#10 99.00   = note: /usr/bin/ld: cannot find -lpython3.10: No such file or directory
#10 99.00           collect2: error: ld returned 1 exit status
#10 99.00           
#10 99.00 
#10 99.02 error: could not compile `lorikeet-genome` (bin "lorikeet") due to 1 previous error
#10 99.06 error: failed to compile `lorikeet-genome v0.8.2`, intermediate artifacts can be found at `/tmp/cargo-installGe0RxP`.
#10 99.06 To reuse those artifacts with a future compilation, set the environment variable `CARGO_TARGET_DIR` to that path.
#10 ERROR: process "/bin/sh -c cargo install lorikeet-genome --version=0.8.2" did not complete successfully: exit code: 101
------
 > [6/6] RUN cargo install lorikeet-genome --version=0.8.2:
99.00 error: linking with `cc` failed: exit status: 1
99.00   |
99.00   = note: LC_ALL="C" PATH="/root/.rustup/toolchains/stable-x86_64-unknown-linux-gnu/lib/rustlib/x86_64-unknown-linux-gnu/bin:/root/.rustup/toolchains/stable-x86_64-unknown-linux-gnu/lib/rustlib/x86_64-unknown-linux-gnu/bin:/root/.rustup/toolchains/stable-x86_64-unknown-linux-gnu/lib/rustlib/x86_64-unknown-linux-gnu/bin:/root/.cargo/bin:/usr/local/sbin:/usr/local/bin:/usr/sbin:/usr/bin:/sbin:/bin" VSLANG="1033" "cc" "-m64" "/tmp/rustcXjDDKU/symbols.o" "/tmp/cargo-installGe0RxP/release/deps/lorikeet-f035361da399b855.lorikeet.83697a94d35de0d1-cgu.01.rcgu.o" "-Wl,--as-needed" "-L" "/tmp/cargo-installGe0RxP/release/deps" "-L" "/tmp/cargo-installGe0RxP/release/build/gkl-d3ebb634a6ce7f8a/out" "-L" "/tmp/cargo-installGe0RxP/release/build/gkl-d3ebb634a6ce7f8a/out" "-L" "/tmp/cargo-installGe0RxP/release/build/gkl-d3ebb634a6ce7f8a/out" "-L" "/tmp/cargo-installGe0RxP/release/build/gkl-d3ebb634a6ce7f8a/out" "-L" "/tmp/cargo-installGe0RxP/release/build/gkl-d3ebb634a6ce7f8a/out" "-L" "/tmp/cargo-installGe0RxP/release/build/bzip2-sys-844ba8284fa59635/out/lib" "-L" "/tmp/cargo-installGe0RxP/release/build/lzma-sys-d8cf32d74cde2f07/out" "-L" "/usr/lib/x86_64-linux-gnu" "-L" "/tmp/cargo-installGe0RxP/release/build/hts-sys-53644d1c37718ab6/out" "-L" "/tmp/cargo-installGe0RxP/release/build/libz-sys-1f4d6cea57070e62/out/lib" "-L" "/tmp/cargo-installGe0RxP/release/build/libz-sys-1f4d6cea57070e62/out/lib64" "-L" "/root/.rustup/toolchains/stable-x86_64-unknown-linux-gnu/lib/rustlib/x86_64-unknown-linux-gnu/lib" "-Wl,-Bstatic" "/tmp/rustcXjDDKU/liblzma_sys-ddf39b56372b9e66.rlib" "/tmp/rustcXjDDKU/libbzip2_sys-2d1852acf01bd90c.rlib" "/tmp/rustcXjDDKU/libgkl-41bfc3f4a726a6d1.rlib" "/tmp/rustcXjDDKU/libhts_sys-4dcde1389943d966.rlib" "/tmp/rustcXjDDKU/liblibz_sys-cc49ab3e0c61de25.rlib" "/root/.rustup/toolchains/stable-x86_64-unknown-linux-gnu/lib/rustlib/x86_64-unknown-linux-gnu/lib/libcompiler_builtins-d4ebcca572002f93.rlib" "-Wl,-Bdynamic" "-lpython3.10" "-lstdc++" "-lgcc_s" "-lutil" "-lrt" "-lpthread" "-lm" "-ldl" "-lc" "-Wl,--eh-frame-hdr" "-Wl,-z,noexecstack" "-L" "/root/.rustup/toolchains/stable-x86_64-unknown-linux-gnu/lib/rustlib/x86_64-unknown-linux-gnu/lib" "-o" "/tmp/cargo-installGe0RxP/release/deps/lorikeet-f035361da399b855" "-Wl,--gc-sections" "-pie" "-Wl,-z,relro,-z,now" "-Wl,-O1" "-Wl,--strip-all" "-nodefaultlibs"
99.00   = note: /usr/bin/ld: cannot find -lpython3.10: No such file or directory
99.00           collect2: error: ld returned 1 exit status
99.00           
99.00 
99.02 error: could not compile `lorikeet-genome` (bin "lorikeet") due to 1 previous error
99.06 error: failed to compile `lorikeet-genome v0.8.2`, intermediate artifacts can be found at `/tmp/cargo-installGe0RxP`.
99.06 To reuse those artifacts with a future compilation, set the environment variable `CARGO_TARGET_DIR` to that path.
------
Dockerfile.crates:16
--------------------
  14 |     RUN apt-get install -y python3 cmake
  15 |     
  16 | >>> RUN cargo install lorikeet-genome --version=0.8.2
  17 |     
  18 |     # # Install non-rust dependencies via conda
--------------------
ERROR: failed to solve: process "/bin/sh -c cargo install lorikeet-genome --version=0.8.2" did not complete successfully: exit code: 101
